mnc309
*   cdc68c8 9th commit
|\
| *   41c88de 7th commit
| |\
| * | d8520ba 6th commit - first on third
* | |   49496b0 8th commit
|\ \ \
| |_|/
|/| |
| * | 5902655 5th commit -- first on second
* | |   ffebfa7 4th commit -- second on first -- merge
|\ \ \
| |/ /
| | /
| |/
|/|
| * b94366b 2nd commit 2nd on master
* | ad74e6b 3rd commit -- first on first
|/
* d8a26ba 1st commit - 1st on master

"rjk422"
*   4697f43 Merge branch 'text3' into text1
|\
| *   8eefeeb Merge branch 'text2' into text3
| |\
| * | f9fc372 3rd commit
* | |   9f9d325 Merge branch 'text2' into text1
|\ \ \
| | |/
| |/|
| * |   d141ad0 Merge branch 'text1' into text2
| |\ \
| | |/
| |/|
| * | 938f774 2nd commit
* | | ddf744f 2nd commit in text1
| |/
|/|
* | 0d3a21a 1st commit
|/
* 3746184 initial commit


